[debug] [2022-06-30T17:37:21.836Z] ----------------------------------------------------------------------
[debug] [2022-06-30T17:37:21.842Z] Command:       C:\Program Files\nodejs\node.exe C:\Users\hp\AppData\Roaming\npm\node_modules\firebase-tools\lib\bin\firebase.js init
[debug] [2022-06-30T17:37:21.844Z] CLI Version:   11.1.0
[debug] [2022-06-30T17:37:21.844Z] Platform:      win32
[debug] [2022-06-30T17:37:21.844Z] Node Version:  v18.2.0
[debug] [2022-06-30T17:37:21.846Z] Time:          Thu Jun 30 2022 23:37:21 GMT+0600 (Bangladesh Standard Time)
[debug] [2022-06-30T17:37:21.846Z] ----------------------------------------------------------------------
[debug] 
[debug] [2022-06-30T17:37:22.043Z] > command requires scopes: ["email","openid","https://www.googleapis.com/auth/cloudplatformprojects.readonly","https://www.googleapis.com/auth/firebase","https://www.googleapis.com/auth/cloud-platform"]
[debug] [2022-06-30T17:37:22.044Z] > authorizing via signed-in user (princehasan16216@gmail.com)
[info] 
     ######## #### ########  ######## ########     ###     ######  ########
     ##        ##  ##     ## ##       ##     ##  ##   ##  ##       ##
     ######    ##  ########  ######   ########  #########  ######  ######
     ##        ##  ##    ##  ##       ##     ## ##     ##       ## ##
     ##       #### ##     ## ######## ########  ##     ##  ######  ########

You're about to initialize a Firebase project in this directory:

  F:\web developing\web developing\1 course\projects\to do ( scic job task 1)\to-do client

Before we get started, keep in mind:

  * You are initializing within an existing Firebase project directory

